<?xml version="1.0" encoding="UTF-8"?>
<!-- Generated by org.testng.reporters.JUnitReportReporter -->
<testsuite hostname="BWAW_500" name="TescoValueVer3.TescoButter.Tests" tests="3" failures="0" timestamp="26 Jan 2018 07:25:07 GMT" time="134.510" errors="0">
  <testcase name="s2_goButterDepartement" time="52.200" classname="TescoValueVer3.TescoButter.Tests"/>
  <testcase name="s1_goTest" time="40.980" classname="TescoValueVer3.TescoButter.Tests"/>
  <testcase name="cheapestOne" time="41.330" classname="TescoValueVer3.TescoButter.Tests"/>
</testsuite> <!-- TescoValueVer3.TescoButter.Tests -->
